2025-06-15 22:50:40,714 INFO  [org.jboss.modules] (main) JBoss Modules version 2.1.6.Final
2025-06-15 22:50:41,857 INFO  [org.jboss.msc] (main) JBoss MSC version 1.5.5.Final
2025-06-15 22:50:41,869 INFO  [org.jboss.threads] (main) JBoss Threads version 2.4.0.Final
2025-06-15 22:50:42,048 INFO  [org.jboss.as] (MSC service thread 1-2) WFLYSRV0049: WildFly 36.0.1.Final (WildFly Core 28.0.1.Final) starting
2025-06-15 22:50:42,051 DEBUG [org.jboss.as.config] (MSC service thread 1-2) Configured system properties:
	file.encoding = Cp1251
	file.separator = \
	java.awt.headless = true
	java.class.path = C:\Users\X240\wildfly-36.0.1.Final\jboss-modules.jar
	java.class.version = 61.0
	java.home = C:\Program Files\Java\jdk-17.0.12.7-hotspot
	java.io.tmpdir = C:\Users\X240\AppData\Local\Temp\
	java.library.path = C:\Program Files\Java\jdk-17.0.12.7-hotspot\bin;C:\WINDOWS\Sun\Java\bin;C:\WINDOWS\system32;C:\WINDOWS;C:\Program Files\Java\jdk-17.0.12.7-hotspot\bin;C:\Users\X240\Desktop\flutter\bin;C:\Program Files\Git\cmd;C:\WINDOWS\system32;C:\WINDOWS;C:\WINDOWS\System32\Wbem;C:\WINDOWS\System32\WindowsPowerShell\v1.0\;C:\WINDOWS\System32\OpenSSH\;C:\Program Files\dotnet\;C:\Program Files (x86)\dotnet\;C:\Program Files\Microsoft SQL Server\Client SDK\ODBC\170\Tools\Binn\;C:\Program Files\Docker\Docker\resources\bin;C:\Program Files\PowerShell\7\;C:\Program Files\MySQL\MySQL Shell 8.0\bin\;C:\Users\X240\AppData\Local\Programs\Python\Python38-32\Scripts\;C:\Users\X240\AppData\Local\Programs\Python\Python38-32\;C:\Users\X240\AppData\Local\Microsoft\WindowsApps;C:\Program Files\JetBrains\PyCharm 2020.1\bin;C:\Users\X240\.dotnet\tools;C:\Users\X240\AppData\Roaming\Programs\Zero Install;C:\Users\X240\AppData\Local\Programs\cursor\resources\app\bin;.
	java.net.preferIPv4Stack = true
	java.runtime.name = OpenJDK Runtime Environment
	java.runtime.version = 17.0.12+7-LTS
	java.specification.name = Java Platform API Specification
	java.specification.vendor = Oracle Corporation
	java.specification.version = 17
	java.util.logging.manager = org.jboss.logmanager.LogManager
	java.vendor = Microsoft
	java.vendor.url = https://www.microsoft.com
	java.vendor.url.bug = https://github.com/microsoft/openjdk/issues
	java.vendor.version = Microsoft-9889599
	java.version = 17.0.12
	java.version.date = 2024-07-16
	java.vm.compressedOopsMode = 32-bit
	java.vm.info = mixed mode, sharing
	java.vm.name = OpenJDK 64-Bit Server VM
	java.vm.specification.name = Java Virtual Machine Specification
	java.vm.specification.vendor = Oracle Corporation
	java.vm.specification.version = 17
	java.vm.vendor = Microsoft
	java.vm.version = 17.0.12+7-LTS
	javax.management.builder.initial = org.jboss.as.jmx.PluggableMBeanServerBuilder
	jboss.home.dir = C:\Users\X240\wildfly-36.0.1.Final
	jboss.host.name = desktop-vch3dpe
	jboss.modules.system.pkgs = org.jboss.byteman
	jboss.node.name = desktop-vch3dpe
	jboss.qualified.host.name = desktop-vch3dpe
	jboss.server.base.dir = C:\Users\X240\wildfly-36.0.1.Final\standalone
	jboss.server.config.dir = C:\Users\X240\wildfly-36.0.1.Final\standalone\configuration
	jboss.server.data.dir = C:\Users\X240\wildfly-36.0.1.Final\standalone\data
	jboss.server.log.dir = C:\Users\X240\wildfly-36.0.1.Final\standalone\log
	jboss.server.name = desktop-vch3dpe
	jboss.server.persist.config = true
	jboss.server.temp.dir = C:\Users\X240\wildfly-36.0.1.Final\standalone\tmp
	jdk.debug = release
	jdk.serialFilter = maxbytes=10485760;maxdepth=128;maxarray=100000;maxrefs=300000
	line.separator = 

	logging.configuration = file:C:\Users\X240\wildfly-36.0.1.Final\standalone\configuration/logging.properties
	module.path = C:\Users\X240\wildfly-36.0.1.Final\modules
	native.encoding = Cp1251
	org.jboss.boot.log.file = C:\Users\X240\wildfly-36.0.1.Final\standalone\log\server.log
	org.jboss.resolver.warning = true
	os.arch = amd64
	os.name = Windows 10
	os.version = 10.0
	path.separator = ;
	program.name = standalone.bat
	sun.arch.data.model = 64
	sun.boot.library.path = C:\Program Files\Java\jdk-17.0.12.7-hotspot\bin
	sun.cpu.endian = little
	sun.cpu.isalist = amd64
	sun.io.unicode.encoding = UnicodeLittle
	sun.java.command = C:\Users\X240\wildfly-36.0.1.Final\jboss-modules.jar -mp C:\Users\X240\wildfly-36.0.1.Final\modules org.jboss.as.standalone -Djboss.home.dir=C:\Users\X240\wildfly-36.0.1.Final
	sun.java.launcher = SUN_STANDARD
	sun.jnu.encoding = Cp1251
	sun.management.compiler = HotSpot 64-Bit Tiered Compilers
	sun.os.patch.level = 
	sun.stderr.encoding = cp866
	sun.stdout.encoding = cp866
	user.country = RU
	user.dir = C:\Users\X240\wildfly-36.0.1.Final\bin
	user.home = C:\Users\X240
	user.language = ru
	user.name = X240
	user.script = 
	user.timezone = Europe/Moscow
	user.variant = 
2025-06-15 22:50:42,052 DEBUG [org.jboss.as.config] (MSC service thread 1-2) VM Arguments: -Dprogram.name=standalone.bat -Xms64M -Xmx512M -Djava.net.preferIPv4Stack=true -Djboss.modules.system.pkgs=org.jboss.byteman -Djava.awt.headless=true -Djdk.serialFilter=maxbytes=10485760;maxdepth=128;maxarray=100000;maxrefs=300000 --add-exports=java.desktop/sun.awt=ALL-UNNAMED --add-exports=java.naming/com.sun.jndi.ldap=ALL-UNNAMED --add-exports=java.naming/com.sun.jndi.url.ldap=ALL-UNNAMED --add-exports=java.naming/com.sun.jndi.url.ldaps=ALL-UNNAMED --add-exports=jdk.naming.dns/com.sun.jndi.dns=ALL-UNNAMED --add-opens=java.base/java.lang=ALL-UNNAMED --add-opens=java.base/java.lang.invoke=ALL-UNNAMED --add-opens=java.base/java.lang.reflect=ALL-UNNAMED --add-opens=java.base/java.io=ALL-UNNAMED --add-opens=java.base/java.net=ALL-UNNAMED --add-opens=java.base/java.security=ALL-UNNAMED --add-opens=java.base/java.util=ALL-UNNAMED --add-opens=java.base/java.util.concurrent=ALL-UNNAMED --add-opens=java.management/javax.management=ALL-UNNAMED --add-opens=java.naming/javax.naming=ALL-UNNAMED -Dorg.jboss.boot.log.file=C:\Users\X240\wildfly-36.0.1.Final\standalone\log\server.log -Dlogging.configuration=file:C:\Users\X240\wildfly-36.0.1.Final\standalone\configuration/logging.properties 
2025-06-15 22:50:46,375 INFO  [org.wildfly.security] (Controller Boot Thread) ELY00001: WildFly Elytron version 2.6.4.Final
2025-06-15 22:50:48,030 INFO  [org.jboss.as.repository] (ServerService Thread Pool -- 32) WFLYDR0001: Content added at location C:\Users\X240\wildfly-36.0.1.Final\standalone\data\content\ff\2f5f0d866b2ca58b87c7f1eff7cd890e74ac05\content
2025-06-15 22:50:48,088 INFO  [org.jboss.as.server] (Controller Boot Thread) WFLYSRV0039: Creating http management service using socket-binding (management-http)
2025-06-15 22:50:48,117 INFO  [org.xnio] (MSC service thread 1-3) XNIO version 3.8.16.Final
2025-06-15 22:50:48,131 INFO  [org.xnio.nio] (MSC service thread 1-3) XNIO NIO Implementation Version 3.8.16.Final
2025-06-15 22:50:48,251 INFO  [org.wildfly.extension.health] (ServerService Thread Pool -- 54) WFLYHEALTH0001: Activating Base Health Subsystem
2025-06-15 22:50:48,252 INFO  [org.wildfly.extension.elytron.oidc._private] (ServerService Thread Pool -- 53) WFLYOIDC0001: Activating WildFly Elytron OIDC Subsystem
2025-06-15 22:50:48,254 INFO  [org.jboss.as.clustering.infinispan] (ServerService Thread Pool -- 55) WFLYCLINF0001: Activating Infinispan subsystem.
2025-06-15 22:50:48,310 INFO  [org.jboss.as.server.deployment] (MSC service thread 1-7) WFLYSRV0027: Starting deployment of "lab3.war" (runtime-name: "lab3.war")
2025-06-15 22:50:48,312 INFO  [org.jboss.as.connector.subsystems.datasources] (ServerService Thread Pool -- 44) WFLYJCA0004: Deploying JDBC-compliant driver class org.h2.Driver (version 2.2)
2025-06-15 22:50:48,350 WARN  [org.jboss.as.txn] (ServerService Thread Pool -- 74) WFLYTX0013: The node-identifier attribute on the /subsystem=transactions is set to the default value. This is a danger for environments running multiple servers. Please make sure the attribute value is unique.
2025-06-15 22:50:48,375 INFO  [org.wildfly.extension.microprofile.jwt.smallrye] (ServerService Thread Pool -- 66) WFLYJWT0001: Activating MicroProfile JWT Subsystem
2025-06-15 22:50:48,375 INFO  [org.wildfly.extension.microprofile.config.smallrye] (ServerService Thread Pool -- 65) WFLYCONF0001: Activating MicroProfile Config Subsystem
2025-06-15 22:50:48,376 INFO  [org.jboss.as.naming] (ServerService Thread Pool -- 67) WFLYNAM0001: Activating Naming Subsystem
2025-06-15 22:50:48,415 INFO  [org.jboss.as.jsf] (ServerService Thread Pool -- 62) WFLYJSF0007: Activated the following Jakarta Server Faces Implementations: [main]
2025-06-15 22:50:48,484 INFO  [org.wildfly.extension.metrics] (ServerService Thread Pool -- 64) WFLYMETRICS0001: Activating Base Metrics Subsystem
2025-06-15 22:50:48,504 INFO  [org.jboss.as.connector] (MSC service thread 1-2) WFLYJCA0009: Starting Jakarta Connectors Subsystem (WildFly/IronJacamar 3.0.13.Final)
2025-06-15 22:50:48,538 INFO  [org.jboss.as.jaxrs] (ServerService Thread Pool -- 57) WFLYRS0016: RESTEasy version 6.2.12.Final
2025-06-15 22:50:48,553 INFO  [org.jboss.as.webservices] (ServerService Thread Pool -- 76) WFLYWS0002: Activating WebServices Extension
2025-06-15 22:50:48,646 INFO  [org.wildfly.extension.io] (ServerService Thread Pool -- 56) WFLYIO001: Worker 'default' has auto-configured to 8 IO threads with 64 max task threads based on your 4 available processors
2025-06-15 22:50:48,685 INFO  [org.jboss.as.connector.deployers.jdbc] (MSC service thread 1-6) WFLYJCA0018: Started Driver service with driver-name = h2
2025-06-15 22:50:48,700 WARN  [org.wildfly.extension.elytron] (MSC service thread 1-5) WFLYELY00023: KeyStore file 'C:\Users\X240\wildfly-36.0.1.Final\standalone\configuration\application.keystore' does not exist. Used blank.
2025-06-15 22:50:48,842 INFO  [org.jboss.as.naming] (MSC service thread 1-5) WFLYNAM0003: Starting Naming Service
2025-06-15 22:50:48,843 INFO  [org.wildfly.extension.undertow] (MSC service thread 1-6) WFLYUT0003: Undertow 2.3.18.Final starting
2025-06-15 22:50:48,878 WARN  [org.wildfly.extension.elytron] (MSC service thread 1-2) WFLYELY01084: KeyStore C:\Users\X240\wildfly-36.0.1.Final\standalone\configuration\application.keystore not found, it will be auto-generated on first use with a self-signed certificate for host localhost
2025-06-15 22:50:48,967 INFO  [org.wildfly.extension.undertow] (ServerService Thread Pool -- 75) WFLYUT0014: Creating file handler for path 'C:\Users\X240\wildfly-36.0.1.Final/welcome-content' with options [directory-listing: 'false', follow-symlink: 'false', case-sensitive: 'true', safe-symlink-paths: '[]']
2025-06-15 22:50:49,122 INFO  [org.jboss.remoting] (MSC service thread 1-5) JBoss Remoting version 5.0.31.Final
2025-06-15 22:50:49,195 INFO  [org.jboss.as.ejb3] (MSC service thread 1-2) WFLYEJB0481: Strict pool slsb-strict-max-pool is using a max instance size of 16 (per class), which is derived from thread worker pool sizing.
2025-06-15 22:50:49,195 INFO  [org.jboss.as.ejb3] (MSC service thread 1-1) WFLYEJB0482: Strict pool mdb-strict-max-pool is using a max instance size of 16 (per class), which is derived from the number of CPUs on this host.
2025-06-15 22:50:49,322 INFO  [org.wildfly.extension.undertow] (MSC service thread 1-7) WFLYUT0012: Started server default-server.
2025-06-15 22:50:49,388 INFO  [org.wildfly.extension.undertow] (MSC service thread 1-7) Queuing requests.
2025-06-15 22:50:49,457 INFO  [org.wildfly.extension.undertow] (MSC service thread 1-7) WFLYUT0018: Host default-host starting
